 4 Nis 2024 Per +03 12:14:45
Torun 1 prosesi oluşturuldu.
Torun 3 prosesi oluşturuldu.
 4 Nis 2024 Per +03 12:29:34
Torun 1 prosesi oluşturuldu.
Torun 3 prosesi oluşturuldu.
-+- 10930 emrekart ./a.out
 \-+- 10932 emrekart sh -c pstree -sg 10930 >> logs/log_all.log
   \-+- 10933 emrekart pstree -sg 10930
     \--- 10934 root ps -axwwo user,pid,ppid,pgid,command
[Thu Apr  4 12:48:30 2024]: Log file created.

[Thu Apr  4 12:48:30 2024]: Parent process created.

[Thu Apr  4 12:48:31 2024]: Child 1 process created.

[Thu Apr  4 12:48:31 2024]: Child 2 process created.

[Thu Apr  4 12:48:32 2024]: Grandchild 1.1 process created.

[Thu Apr  4 12:48:33 2024]: Grandchild 1.2 process created.

[Thu Apr  4 12:48:34 2024]: Grandchild 1.3 process created.

[Thu Apr  4 12:49:52 2024]: Log file created.

[Thu Apr  4 12:49:52 2024]: Parent process created.

[Thu Apr  4 12:49:53 2024]: Child 1 process created.

[Thu Apr  4 12:49:53 2024]: Child 2 process created.

[Thu Apr  4 12:49:54 2024]: Grandchild 1.1 process created.

[Thu Apr  4 12:49:55 2024]: Grandchild 1.2 process created.

[Thu Apr  4 12:49:56 2024]: Grandchild 1.3 process created.

[Thu Apr  4 12:50:18 2024]: Log file created.

[Thu Apr  4 12:50:18 2024]: Parent process created.

[Thu Apr  4 12:50:19 2024]: Child 1 process created.

[Thu Apr  4 12:50:19 2024]: Child 2 process created.

[Thu Apr  4 12:50:20 2024]: Grandchild 1.1 process created.

[Thu Apr  4 12:50:21 2024]: Grandchild 1.2 process created.

[Thu Apr  4 12:50:22 2024]: Grandchild 1.3 process created.

[Thu Apr  4 12:54:14 2024]: Log file created.

[Thu Apr  4 12:54:14 2024]: Parent process created.

[Thu Apr  4 12:54:15 2024]: Child 1 process created.

[Thu Apr  4 12:54:15 2024]: Child 2 process created.

[Thu Apr  4 12:54:16 2024]: Grandchild 1.1 process created.

[Thu Apr  4 12:54:17 2024]: Grandchild 1.2 process created.

[Thu Apr  4 12:54:18 2024]: Grandchild 1.3 process created.

[Thu Apr  4 13:04:49 2024]: Log file created.

[Thu Apr  4 13:04:49 2024]: Parent process created.

[Thu Apr  4 13:04:50 2024]: Child 1 process created.

[Thu Apr  4 13:04:50 2024]: Child 2 process created.

[Thu Apr  4 13:04:51 2024]: Grandchild 1.1 process created.

[Thu Apr  4 13:04:52 2024]: Grandchild 1.2 process created.

[Thu Apr  4 13:04:53 2024]: Grandchild 1.3 process created.

[Thu Apr  4 13:06:26 2024]: Log file created.

[Thu Apr  4 13:06:26 2024]: Parent process created.

[Thu Apr  4 13:06:27 2024]: Child 2 process created.

[Thu Apr  4 13:06:27 2024]: Child 1 process created.

[Thu Apr  4 13:06:28 2024]: Grandchild 1.1 process created.

[Thu Apr  4 13:06:29 2024]: Grandchild 1.2 process created.

[Thu Apr  4 13:06:30 2024]: Grandchild 1.3 process created.

[Thu Apr  4 13:08:10 2024]: Log file created.

[Thu Apr  4 13:08:10 2024]: Parent process created.

[Thu Apr  4 13:08:11 2024]: Child 1 process created.

[Thu Apr  4 13:08:11 2024]: Child 2 process created.

[Thu Apr  4 13:08:12 2024]: Grandchild 1.1 process created.

[Thu Apr  4 13:08:13 2024]: Grandchild 1.2 process created.

[Thu Apr  4 13:08:14 2024]: Grandchild 1.3 process created.

[Thu Apr  4 13:21:16 2024]: Log file created.

[Thu Apr  4 13:21:16 2024]: Parent process created.

[Thu Apr  4 13:21:17 2024]: Child 1 process created.

[Thu Apr  4 13:21:17 2024]: Child 2 process created.

[Thu Apr  4 13:21:18 2024]: Grandchild 1.1 process created.

[Thu Apr  4 13:21:19 2024]: Grandchild 1.2 process created.

[Thu Apr  4 13:21:20 2024]: Grandchild 1.3 process created.

